<?xml version="1.0" encoding="UTF-8"?>
<!-- Generated by org.testng.reporters.JUnitReportReporter -->
<testsuite hostname="swap" failures="0" tests="2" name="com.cybage.lakras.lakras.SecondTest" time="0.006" errors="0" timestamp="2021-09-30T13:41:45 IST" skipped="0">
  <testcase classname="com.cybage.lakras.lakras.SecondTest" name="st" time="0.003"/>
  <system-out/>
  <testcase classname="com.cybage.lakras.lakras.SecondTest" name="ft" time="0.003"/>
  <system-out/>
</testsuite> <!-- com.cybage.lakras.lakras.SecondTest -->
