<?xml version="1.0" encoding="UTF-8"?>
<!-- Generated by org.testng.reporters.JUnitReportReporter -->
<testsuite hostname="swap" name="com.cybage.lakras.lakras.SecondTest" tests="2" failures="0" timestamp="30 Sep 2021 10:20:51 GMT" time="0.000" errors="0">
  <testcase name="st" time="0.000" classname="com.cybage.lakras.lakras.SecondTest"/>
  <testcase name="ft" time="0.000" classname="com.cybage.lakras.lakras.SecondTest"/>
</testsuite> <!-- com.cybage.lakras.lakras.SecondTest -->
