<?xml version="1.0" encoding="UTF-8"?>
<!-- Generated by org.testng.reporters.JUnitReportReporter -->
<testsuite hostname="swap" name="com.cybage.lakras.lakras.FirstTest" tests="2" failures="0" timestamp="30 Sep 2021 10:20:51 GMT" time="0.015" errors="0">
  <testcase name="st" time="0.002" classname="com.cybage.lakras.lakras.FirstTest"/>
  <testcase name="ftest" time="0.013" classname="com.cybage.lakras.lakras.FirstTest"/>
</testsuite> <!-- com.cybage.lakras.lakras.FirstTest -->
